<?xml version="1.0" encoding="UTF-8"?>
<!-- Generated by org.testng.reporters.JUnitReportReporter -->
<testsuite skipped="0" hostname="Rania" name="keys.KeysTests" tests="1" failures="0" timestamp="15 janv. 2023 20:50:01 GMT" time="0.417" errors="0">
  <testcase name="testsBackSpace" time="0.417" classname="keys.KeysTests"/>
</testsuite> <!-- keys.KeysTests -->
